app/build/intermediates/manifest_merge_blame_file/debug/manifest-merger-blame-debug-report.txt
1<?xml version="1.0" encoding="utf-8"?>
2<manifest xmlns:android="http://schemas.android.com/apk/res/android"
3    package="com.example.xnote"
4    android:versionCode="1"
5    android:versionName="1.0" >
6
7    <uses-sdk
8        android:minSdkVersion="24"
8-->src/main/AndroidManifest.xml
9        android:targetSdkVersion="33" />
9-->src/main/AndroidManifest.xml
10
11    <uses-permission android:name="android.permission.RECORD_AUDIO" />
11-->src/main/AndroidManifest.xml:5:5-71
11-->src/main/AndroidManifest.xml:5:22-68
12    <uses-permission android:name="android.permission.WRITE_EXTERNAL_STORAGE" />
12-->src/main/AndroidManifest.xml:6:5-81
12-->src/main/AndroidManifest.xml:6:22-78
13    <uses-permission android:name="android.permission.READ_EXTERNAL_STORAGE" />
13-->src/main/AndroidManifest.xml:7:5-80
13-->src/main/AndroidManifest.xml:7:22-77
14    <uses-permission android:name="android.permission.CAMERA" />
14-->src/main/AndroidManifest.xml:8:5-65
14-->src/main/AndroidManifest.xml:8:22-62
15
16    <permission
16-->[androidx.core:core:1.9.0] AndroidManifest.xml:22:5-24:47
17        android:name="com.example.xnote.DYNAMIC_RECEIVER_NOT_EXPORTED_PERMISSION"
17-->[androidx.core:core:1.9.0] AndroidManifest.xml:23:9-81
18        android:protectionLevel="signature" />
18-->[androidx.core:core:1.9.0] AndroidManifest.xml:24:9-44
19
20    <uses-permission android:name="com.example.xnote.DYNAMIC_RECEIVER_NOT_EXPORTED_PERMISSION" />
20-->[androidx.core:core:1.9.0] AndroidManifest.xml:26:5-97
20-->[androidx.core:core:1.9.0] AndroidManifest.xml:26:22-94
21
22    <application
22-->src/main/AndroidManifest.xml:10:5-45:19
23        android:allowBackup="true"
23-->src/main/AndroidManifest.xml:11:9-35
24        android:appComponentFactory="androidx.core.app.CoreComponentFactory"
24-->[androidx.core:core:1.9.0] AndroidManifest.xml:28:18-86
25        android:dataExtractionRules="@xml/data_extraction_rules"
25-->src/main/AndroidManifest.xml:12:9-65
26        android:debuggable="true"
27        android:extractNativeLibs="false"
28        android:fullBackupContent="@xml/backup_rules"
28-->src/main/AndroidManifest.xml:13:9-54
29        android:icon="@mipmap/ic_launcher"
29-->src/main/AndroidManifest.xml:14:9-43
30        android:label="@string/app_name"
30-->src/main/AndroidManifest.xml:15:9-41
31        android:roundIcon="@mipmap/ic_launcher_round"
31-->src/main/AndroidManifest.xml:16:9-54
32        android:supportsRtl="true"
32-->src/main/AndroidManifest.xml:17:9-35
33        android:theme="@style/Theme.XNote" >
33-->src/main/AndroidManifest.xml:18:9-43
34        <activity
34-->src/main/AndroidManifest.xml:21:9-29:20
35            android:name="com.example.xnote.MainActivity"
35-->src/main/AndroidManifest.xml:22:13-41
36            android:exported="true"
36-->src/main/AndroidManifest.xml:23:13-36
37            android:theme="@style/Theme.XNote" >
37-->src/main/AndroidManifest.xml:24:13-47
38            <intent-filter>
38-->src/main/AndroidManifest.xml:25:13-28:29
39                <action android:name="android.intent.action.MAIN" />
39-->src/main/AndroidManifest.xml:26:17-69
39-->src/main/AndroidManifest.xml:26:25-66
40
41                <category android:name="android.intent.category.LAUNCHER" />
41-->src/main/AndroidManifest.xml:27:17-77
41-->src/main/AndroidManifest.xml:27:27-74
42            </intent-filter>
43        </activity>
44        <activity
44-->src/main/AndroidManifest.xml:31:9-34:58
45            android:name="com.example.xnote.NoteEditActivity"
45-->src/main/AndroidManifest.xml:32:13-45
46            android:exported="false"
46-->src/main/AndroidManifest.xml:33:13-37
47            android:parentActivityName="com.example.xnote.MainActivity" />
47-->src/main/AndroidManifest.xml:34:13-55
48
49        <provider
50            android:name="androidx.core.content.FileProvider"
50-->src/main/AndroidManifest.xml:37:13-62
51            android:authorities="com.example.xnote.fileprovider"
51-->src/main/AndroidManifest.xml:38:13-64
52            android:exported="false"
52-->src/main/AndroidManifest.xml:39:13-37
53            android:grantUriPermissions="true" >
53-->src/main/AndroidManifest.xml:40:13-47
54            <meta-data
54-->src/main/AndroidManifest.xml:41:13-43:54
55                android:name="android.support.FILE_PROVIDER_PATHS"
55-->src/main/AndroidManifest.xml:42:17-67
56                android:resource="@xml/file_paths" />
56-->src/main/AndroidManifest.xml:43:17-51
57        </provider>
58        <provider
58-->[androidx.emoji2:emoji2:1.2.0] AndroidManifest.xml:24:9-32:20
59            android:name="androidx.startup.InitializationProvider"
59-->[androidx.emoji2:emoji2:1.2.0] AndroidManifest.xml:25:13-67
60            android:authorities="com.example.xnote.androidx-startup"
60-->[androidx.emoji2:emoji2:1.2.0] AndroidManifest.xml:26:13-68
61            android:exported="false" >
61-->[androidx.emoji2:emoji2:1.2.0] AndroidManifest.xml:27:13-37
62            <meta-data
62-->[androidx.emoji2:emoji2:1.2.0] AndroidManifest.xml:29:13-31:52
63                android:name="androidx.emoji2.text.EmojiCompatInitializer"
63-->[androidx.emoji2:emoji2:1.2.0] AndroidManifest.xml:30:17-75
64                android:value="androidx.startup" />
64-->[androidx.emoji2:emoji2:1.2.0] AndroidManifest.xml:31:17-49
65            <meta-data
65-->[androidx.lifecycle:lifecycle-process:2.6.2] AndroidManifest.xml:29:13-31:52
66                android:name="androidx.lifecycle.ProcessLifecycleInitializer"
66-->[androidx.lifecycle:lifecycle-process:2.6.2] AndroidManifest.xml:30:17-78
67                android:value="androidx.startup" />
67-->[androidx.lifecycle:lifecycle-process:2.6.2] AndroidManifest.xml:31:17-49
68            <meta-data
68-->[androidx.profileinstaller:profileinstaller:1.3.0] AndroidManifest.xml:29:13-31:52
69                android:name="androidx.profileinstaller.ProfileInstallerInitializer"
69-->[androidx.profileinstaller:profileinstaller:1.3.0] AndroidManifest.xml:30:17-85
70                android:value="androidx.startup" />
70-->[androidx.profileinstaller:profileinstaller:1.3.0] AndroidManifest.xml:31:17-49
71        </provider>
72
73        <service
73-->[androidx.room:room-runtime:2.5.0] AndroidManifest.xml:24:9-28:63
74            android:name="androidx.room.MultiInstanceInvalidationService"
74-->[androidx.room:room-runtime:2.5.0] AndroidManifest.xml:25:13-74
75            android:directBootAware="true"
75-->[androidx.room:room-runtime:2.5.0] AndroidManifest.xml:26:13-43
76            android:exported="false" />
76-->[androidx.room:room-runtime:2.5.0] AndroidManifest.xml:27:13-37
77
78        <receiver
78-->[androidx.profileinstaller:profileinstaller:1.3.0] AndroidManifest.xml:34:9-52:20
79            android:name="androidx.profileinstaller.ProfileInstallReceiver"
79-->[androidx.profileinstaller:profileinstaller:1.3.0] AndroidManifest.xml:35:13-76
80            android:directBootAware="false"
80-->[androidx.profileinstaller:profileinstaller:1.3.0] AndroidManifest.xml:36:13-44
81            android:enabled="true"
81-->[androidx.profileinstaller:profileinstaller:1.3.0] AndroidManifest.xml:37:13-35
82            android:exported="true"
82-->[androidx.profileinstaller:profileinstaller:1.3.0] AndroidManifest.xml:38:13-36
83            android:permission="android.permission.DUMP" >
83-->[androidx.profileinstaller:profileinstaller:1.3.0] AndroidManifest.xml:39:13-57
84            <intent-filter>
84-->[androidx.profileinstaller:profileinstaller:1.3.0] AndroidManifest.xml:40:13-42:29
85                <action android:name="androidx.profileinstaller.action.INSTALL_PROFILE" />
85-->[androidx.profileinstaller:profileinstaller:1.3.0] AndroidManifest.xml:41:17-91
85-->[androidx.profileinstaller:profileinstaller:1.3.0] AndroidManifest.xml:41:25-88
86            </intent-filter>
87            <intent-filter>
87-->[androidx.profileinstaller:profileinstaller:1.3.0] AndroidManifest.xml:43:13-45:29
88                <action android:name="androidx.profileinstaller.action.SKIP_FILE" />
88-->[androidx.profileinstaller:profileinstaller:1.3.0] AndroidManifest.xml:44:17-85
88-->[androidx.profileinstaller:profileinstaller:1.3.0] AndroidManifest.xml:44:25-82
89            </intent-filter>
90            <intent-filter>
90-->[androidx.profileinstaller:profileinstaller:1.3.0] AndroidManifest.xml:46:13-48:29
91                <action android:name="androidx.profileinstaller.action.SAVE_PROFILE" />
91-->[androidx.profileinstaller:profileinstaller:1.3.0] AndroidManifest.xml:47:17-88
91-->[androidx.profileinstaller:profileinstaller:1.3.0] AndroidManifest.xml:47:25-85
92            </intent-filter>
93            <intent-filter>
93-->[androidx.profileinstaller:profileinstaller:1.3.0] AndroidManifest.xml:49:13-51:29
94                <action android:name="androidx.profileinstaller.action.BENCHMARK_OPERATION" />
94-->[androidx.profileinstaller:profileinstaller:1.3.0] AndroidManifest.xml:50:17-95
94-->[androidx.profileinstaller:profileinstaller:1.3.0] AndroidManifest.xml:50:25-92
95            </intent-filter>
96        </receiver>
97    </application>
98
99</manifest>